<?xml version="1.0" encoding="UTF-8"?>
<!-- Generated by org.testng.reporters.JUnitXMLReporter -->
<testsuite hostname="LAPTOP-B3EJBA39" ignored="3" name="Test" tests="1" failures="0" timestamp="2021-01-27T23:22:34 CST" time="60.131" errors="0">
  <testcase name="testcase4" time="55.087" classname="framework.appium.Demo"/>
  <testcase name="testcase2" time="0.0" classname="framework.appium.Demo">
    <ignored/>
  </testcase> <!-- testcase2 -->
  <testcase name="testcase3" time="0.0" classname="framework.appium.Demo">
    <ignored/>
  </testcase> <!-- testcase3 -->
  <testcase name="testcase1" time="0.0" classname="framework.appium.Demo">
    <ignored/>
  </testcase> <!-- testcase1 -->
</testsuite> <!-- Test -->
