<?xml version="1.0" encoding="UTF-8"?>
<testng-results skipped="0" failed="0" ignored="3" total="4" passed="1">
  <reporter-output>
  </reporter-output>
  <suite name="Suite" duration-ms="60131" started-at="2021-01-27T23:21:34 CST" finished-at="2021-01-27T23:22:34 CST">
    <groups>
    </groups>
    <test name="Test" duration-ms="60131" started-at="2021-01-27T23:21:34 CST" finished-at="2021-01-27T23:22:34 CST">
      <class name="framework.appium.Demo">
        <test-method status="PASS" signature="bt()[pri:0, instance:framework.appium.Demo@192d3247]" name="bt" is-config="true" duration-ms="5016" started-at="2021-01-27T23:21:34 CST" finished-at="2021-01-27T23:21:39 CST">
          <reporter-output>
          </reporter-output>
        </test-method> <!-- bt -->
        <test-method status="PASS" signature="testcase4()[pri:0, instance:framework.appium.Demo@192d3247]" name="testcase4" duration-ms="55087" started-at="2021-01-27T23:21:39 CST" finished-at="2021-01-27T23:22:34 CST">
          <reporter-output>
          </reporter-output>
        </test-method> <!-- testcase4 -->
      </class> <!-- framework.appium.Demo -->
    </test> <!-- Test -->
  </suite> <!-- Suite -->
</testng-results>
